<?xml version="1.0" encoding="UTF-8"?>
<!-- Generated by org.testng.reporters.JUnitReportReporter -->
<testsuite hostname="Varaprasad" failures="0" tests="1" name="com.sl.GoogleSearch" time="2.778" errors="0" timestamp="2024-03-06T18:59:48 IST" skipped="0">
  <testcase classname="com.sl.GoogleSearch" name="testGoogleSearchTextFeildContainsFlowers" time="2.778"/>
</testsuite> <!-- com.sl.GoogleSearch -->
