<?xml version="1.0" encoding="UTF-8"?>
<!-- Generated by org.testng.reporters.JUnitReportReporter -->
<testsuite hostname="Varaprasad" failures="0" tests="3" name="com.sl.GoogleRegistration" time="13.010" errors="0" timestamp="2024-03-07T09:18:39 IST" skipped="0">
  <testcase classname="com.sl.GoogleRegistration" name="googleNewAccCreation" time="8.412"/>
  <testcase classname="com.sl.GoogleRegistration" name="googleNewAccCreation" time="2.171"/>
  <testcase classname="com.sl.GoogleRegistration" name="googleNewAccCreation" time="2.427"/>
</testsuite> <!-- com.sl.GoogleRegistration -->
