<?xml version="1.0" encoding="UTF-8"?>
<!-- Generated by org.testng.reporters.JUnitReportReporter -->
<testsuite hostname="Varaprasad" failures="0" tests="2" name="com.sl.GoogleSearch" time="9.135" errors="0" timestamp="2024-03-07T09:18:39 IST" skipped="0">
  <testcase classname="com.sl.GoogleSearch" name="testGoogleSearchTextFeildContainsFlowers" time="4.618"/>
  <testcase classname="com.sl.GoogleSearch" name="searchGoogleAndTestTitleText" time="4.517"/>
</testsuite> <!-- com.sl.GoogleSearch -->
