<?xml version="1.0" encoding="UTF-8"?>
<!-- Generated by org.testng.reporters.JUnitReportReporter -->
<testsuite hostname="Varaprasad" failures="0" tests="1" name="com.sl.FBRegistration" time="9.171" errors="0" timestamp="2024-03-07T09:18:39 IST" skipped="0">
  <testcase classname="com.sl.FBRegistration" name="fbAccount" time="9.171"/>
</testsuite> <!-- com.sl.FBRegistration -->
