<?xml version="1.0" encoding="UTF-8"?>
<!-- Generated by org.testng.reporters.JUnitReportReporter -->
<testsuite hostname="Varaprasad" failures="0" tests="6" name="com.sl.DummyTest" time="0.044" errors="0" timestamp="2024-03-07T09:18:39 IST" skipped="1">
  <testcase classname="com.sl.DummyTest" name="f4" time="0.005"/>
  <testcase classname="com.sl.DummyTest" name="f1" time="0.015"/>
  <testcase classname="com.sl.DummyTest" name="f2" time="0.016"/>
  <testcase classname="com.sl.DummyTest" name="f6" time="0.002"/>
  <testcase classname="com.sl.DummyTest" name="f5" time="0.006"/>
  <testcase classname="com.sl.DummyTest" name="f3">
    <skipped/>
  </testcase> <!-- f3 -->
</testsuite> <!-- com.sl.DummyTest -->
